
[2022-11-13T18:21:57.410] [ERROR] all - DB is not found
[2022-11-13T18:22:41.049] [ERROR] all - DB is not found
[2022-11-13T18:23:10.071] [ERROR] all - DB is not found
[2022-11-13T19:05:57.950] [ERROR] all - CastError: Cast to ObjectId failed for value "1" (type string) at path "_id" for model "Products"
    at model.Query.exec (G:\DaNiRulz\Learning\Coderhouse\Backend\desafios\FinalConFront\backend\node_modules\mongoose\lib\query.js:4884:21)
    at Query.then (G:\DaNiRulz\Learning\Coderhouse\Backend\desafios\FinalConFront\backend\node_modules\mongoose\lib\query.js:4983:15)
    at process.processTicksAndRejections (node:internal/process/task_queues:95:5) {
  messageFormat: undefined,
  stringValue: '"1"',
  kind: 'ObjectId',
  value: '1',
  path: '_id',
  reason: BSONTypeError: Argument passed in must be a string of 12 bytes or a string of 24 hex characters or an integer
      at new BSONTypeError (G:\DaNiRulz\Learning\Coderhouse\Backend\desafios\FinalConFront\backend\node_modules\bson\lib\error.js:41:28)
      at new ObjectId (G:\DaNiRulz\Learning\Coderhouse\Backend\desafios\FinalConFront\backend\node_modules\bson\lib\objectid.js:67:23)
      at castObjectId (G:\DaNiRulz\Learning\Coderhouse\Backend\desafios\FinalConFront\backend\node_modules\mongoose\lib\cast\objectid.js:25:12)
      at ObjectId.cast (G:\DaNiRulz\Learning\Coderhouse\Backend\desafios\FinalConFront\backend\node_modules\mongoose\lib\schema\objectid.js:246:12)
      at SchemaType.applySetters (G:\DaNiRulz\Learning\Coderhouse\Backend\desafios\FinalConFront\backend\node_modules\mongoose\lib\schematype.js:1201:12)
      at SchemaType._castForQuery (G:\DaNiRulz\Learning\Coderhouse\Backend\desafios\FinalConFront\backend\node_modules\mongoose\lib\schematype.js:1648:15)
      at SchemaType.castForQuery (G:\DaNiRulz\Learning\Coderhouse\Backend\desafios\FinalConFront\backend\node_modules\mongoose\lib\schematype.js:1636:15)
      at SchemaType.castForQueryWrapper (G:\DaNiRulz\Learning\Coderhouse\Backend\desafios\FinalConFront\backend\node_modules\mongoose\lib\schematype.js:1612:20)
      at cast (G:\DaNiRulz\Learning\Coderhouse\Backend\desafios\FinalConFront\backend\node_modules\mongoose\lib\cast.js:347:32)
      at Query.cast (G:\DaNiRulz\Learning\Coderhouse\Backend\desafios\FinalConFront\backend\node_modules\mongoose\lib\query.js:5312:12),
  valueType: 'string'
}
[2022-11-13T20:21:46.829] [ERROR] all - TypeError: Cannot destructure property '_id' of '(intermediate value)' as it is null.
    at CartService.getCart (G:\DaNiRulz\Learning\Coderhouse\Backend\desafios\FinalConFront\backend\src\services\cart_services\cart_service.js:47:32)
    at process.processTicksAndRejections (node:internal/process/task_queues:95:5)
    at async getCart (G:\DaNiRulz\Learning\Coderhouse\Backend\desafios\FinalConFront\backend\src\controllers\cart_controller\cart_controller.js:13:22)
[2022-11-13T20:22:28.137] [ERROR] all - TypeError: Cannot destructure property '_id' of '(intermediate value)' as it is null.
    at CartService.getCart (G:\DaNiRulz\Learning\Coderhouse\Backend\desafios\FinalConFront\backend\src\services\cart_services\cart_service.js:47:32)
    at process.processTicksAndRejections (node:internal/process/task_queues:95:5)
    at async getCart (G:\DaNiRulz\Learning\Coderhouse\Backend\desafios\FinalConFront\backend\src\controllers\cart_controller\cart_controller.js:13:22)
[2022-11-13T21:00:14.759] [ERROR] all - CastError: Cast to ObjectId failed for value "undefined" (type string) at path "user" for model "Cart"
    at model.Query.exec (G:\DaNiRulz\Learning\Coderhouse\Backend\desafios\FinalConFront\backend\node_modules\mongoose\lib\query.js:4884:21)
    at Query.then (G:\DaNiRulz\Learning\Coderhouse\Backend\desafios\FinalConFront\backend\node_modules\mongoose\lib\query.js:4983:15)
    at process.processTicksAndRejections (node:internal/process/task_queues:95:5) {
  messageFormat: undefined,
  stringValue: '"undefined"',
  kind: 'ObjectId',
  value: 'undefined',
  path: 'user',
  reason: BSONTypeError: Argument passed in must be a string of 12 bytes or a string of 24 hex characters or an integer
      at new BSONTypeError (G:\DaNiRulz\Learning\Coderhouse\Backend\desafios\FinalConFront\backend\node_modules\bson\lib\error.js:41:28)
      at new ObjectId (G:\DaNiRulz\Learning\Coderhouse\Backend\desafios\FinalConFront\backend\node_modules\bson\lib\objectid.js:67:23)
      at castObjectId (G:\DaNiRulz\Learning\Coderhouse\Backend\desafios\FinalConFront\backend\node_modules\mongoose\lib\cast\objectid.js:25:12)
      at ObjectId.cast (G:\DaNiRulz\Learning\Coderhouse\Backend\desafios\FinalConFront\backend\node_modules\mongoose\lib\schema\objectid.js:246:12)
      at SchemaType.applySetters (G:\DaNiRulz\Learning\Coderhouse\Backend\desafios\FinalConFront\backend\node_modules\mongoose\lib\schematype.js:1201:12)
      at SchemaType._castForQuery (G:\DaNiRulz\Learning\Coderhouse\Backend\desafios\FinalConFront\backend\node_modules\mongoose\lib\schematype.js:1648:15)
      at SchemaType.castForQuery (G:\DaNiRulz\Learning\Coderhouse\Backend\desafios\FinalConFront\backend\node_modules\mongoose\lib\schematype.js:1636:15)
      at SchemaType.castForQueryWrapper (G:\DaNiRulz\Learning\Coderhouse\Backend\desafios\FinalConFront\backend\node_modules\mongoose\lib\schematype.js:1612:20)
      at cast (G:\DaNiRulz\Learning\Coderhouse\Backend\desafios\FinalConFront\backend\node_modules\mongoose\lib\cast.js:347:32)
      at Query.cast (G:\DaNiRulz\Learning\Coderhouse\Backend\desafios\FinalConFront\backend\node_modules\mongoose\lib\query.js:5312:12),
  valueType: 'string'
}
[2022-11-14T22:04:34.661] [ERROR] all - ReferenceError: name is not defined
    at ProductsDTO.editProductByID (G:\DaNiRulz\Learning\Coderhouse\Backend\desafios\FinalConFront\backend\src\model\DTO\products_DTO.js:13:26)
    at editProductByID (G:\DaNiRulz\Learning\Coderhouse\Backend\desafios\FinalConFront\backend\src\controllers\products_controller\products_controller.js:44:45)
    at Layer.handle [as handle_request] (G:\DaNiRulz\Learning\Coderhouse\Backend\desafios\FinalConFront\backend\node_modules\express\lib\router\layer.js:95:5)
    at next (G:\DaNiRulz\Learning\Coderhouse\Backend\desafios\FinalConFront\backend\node_modules\express\lib\router\route.js:144:13)
    at Route.dispatch (G:\DaNiRulz\Learning\Coderhouse\Backend\desafios\FinalConFront\backend\node_modules\express\lib\router\route.js:114:3)
    at Layer.handle [as handle_request] (G:\DaNiRulz\Learning\Coderhouse\Backend\desafios\FinalConFront\backend\node_modules\express\lib\router\layer.js:95:5)
    at G:\DaNiRulz\Learning\Coderhouse\Backend\desafios\FinalConFront\backend\node_modules\express\lib\router\index.js:284:15
    at param (G:\DaNiRulz\Learning\Coderhouse\Backend\desafios\FinalConFront\backend\node_modules\express\lib\router\index.js:365:14)
    at param (G:\DaNiRulz\Learning\Coderhouse\Backend\desafios\FinalConFront\backend\node_modules\express\lib\router\index.js:376:14)
    at param (G:\DaNiRulz\Learning\Coderhouse\Backend\desafios\FinalConFront\backend\node_modules\express\lib\router\index.js:376:14)
[2022-11-14T22:21:24.974] [ERROR] all - CastError: Cast to ObjectId failed for value "[object Object]" (type string) at path "_id" for model "Products"
    at model.Query.exec (G:\DaNiRulz\Learning\Coderhouse\Backend\desafios\FinalConFront\backend\node_modules\mongoose\lib\query.js:4884:21)
    at Query.then (G:\DaNiRulz\Learning\Coderhouse\Backend\desafios\FinalConFront\backend\node_modules\mongoose\lib\query.js:4983:15)
    at process.processTicksAndRejections (node:internal/process/task_queues:95:5) {
  messageFormat: undefined,
  stringValue: '"[object Object]"',
  kind: 'ObjectId',
  value: '[object Object]',
  path: '_id',
  reason: BSONTypeError: Argument passed in must be a string of 12 bytes or a string of 24 hex characters or an integer
      at new BSONTypeError (G:\DaNiRulz\Learning\Coderhouse\Backend\desafios\FinalConFront\backend\node_modules\bson\lib\error.js:41:28)
      at new ObjectId (G:\DaNiRulz\Learning\Coderhouse\Backend\desafios\FinalConFront\backend\node_modules\bson\lib\objectid.js:67:23)
      at castObjectId (G:\DaNiRulz\Learning\Coderhouse\Backend\desafios\FinalConFront\backend\node_modules\mongoose\lib\cast\objectid.js:25:12)
      at ObjectId.cast (G:\DaNiRulz\Learning\Coderhouse\Backend\desafios\FinalConFront\backend\node_modules\mongoose\lib\schema\objectid.js:246:12)
      at SchemaType.applySetters (G:\DaNiRulz\Learning\Coderhouse\Backend\desafios\FinalConFront\backend\node_modules\mongoose\lib\schematype.js:1201:12)
      at SchemaType._castForQuery (G:\DaNiRulz\Learning\Coderhouse\Backend\desafios\FinalConFront\backend\node_modules\mongoose\lib\schematype.js:1648:15)
      at SchemaType.castForQuery (G:\DaNiRulz\Learning\Coderhouse\Backend\desafios\FinalConFront\backend\node_modules\mongoose\lib\schematype.js:1636:15)
      at SchemaType.castForQueryWrapper (G:\DaNiRulz\Learning\Coderhouse\Backend\desafios\FinalConFront\backend\node_modules\mongoose\lib\schematype.js:1612:20)
      at cast (G:\DaNiRulz\Learning\Coderhouse\Backend\desafios\FinalConFront\backend\node_modules\mongoose\lib\cast.js:347:32)
      at Query.cast (G:\DaNiRulz\Learning\Coderhouse\Backend\desafios\FinalConFront\backend\node_modules\mongoose\lib\query.js:5312:12),
  valueType: 'string'
}
[2022-11-15T19:11:45.563] [ERROR] all - CastError: Cast to embedded failed for value "{ product: '63717ba329ba23e449d4424c', quantity: NaN }" (type Object) at path "products" because of "CastError"
    at model.Query.exec (G:\DaNiRulz\Learning\Coderhouse\Backend\desafios\FinalConFront\backend\node_modules\mongoose\lib\query.js:4884:21)
    at CartMongoDAO.updateCart (G:\DaNiRulz\Learning\Coderhouse\Backend\desafios\FinalConFront\backend\src\model\DAO\cart_DAO\mongo\cart_mongo_DAO.js:50:10)
    at CartService.saveCart (G:\DaNiRulz\Learning\Coderhouse\Backend\desafios\FinalConFront\backend\src\services\cart_services\cart_service.js:32:36)
    at process.processTicksAndRejections (node:internal/process/task_queues:95:5)
    at async saveCart (G:\DaNiRulz\Learning\Coderhouse\Backend\desafios\FinalConFront\backend\src\controllers\cart_controller\cart_controller.js:23:22) {
  messageFormat: undefined,
  stringValue: `"{ product: '63717ba329ba23e449d4424c', quantity: NaN }"`,
  kind: 'embedded',
  value: { product: '63717ba329ba23e449d4424c', quantity: NaN },
  path: 'products',
  reason: CastError: Cast to Number failed for value "NaN" (type number) at path "quantity"
      at SchemaNumber.cast (G:\DaNiRulz\Learning\Coderhouse\Backend\desafios\FinalConFront\backend\node_modules\mongoose\lib\schema\number.js:378:11)
      at SchemaType.applySetters (G:\DaNiRulz\Learning\Coderhouse\Backend\desafios\FinalConFront\backend\node_modules\mongoose\lib\schematype.js:1201:12)
      at EmbeddedDocument.$set (G:\DaNiRulz\Learning\Coderhouse\Backend\desafios\FinalConFront\backend\node_modules\mongoose\lib\document.js:1367:22)
      at EmbeddedDocument.$set (G:\DaNiRulz\Learning\Coderhouse\Backend\desafios\FinalConFront\backend\node_modules\mongoose\lib\document.js:1092:16)
      at EmbeddedDocument.Document (G:\DaNiRulz\Learning\Coderhouse\Backend\desafios\FinalConFront\backend\node_modules\mongoose\lib\document.js:166:12)
      at EmbeddedDocument.Subdocument (G:\DaNiRulz\Learning\Coderhouse\Backend\desafios\FinalConFront\backend\node_modules\mongoose\lib\types\subdocument.js:31:12)
      at EmbeddedDocument.ArraySubdocument [as constructor] (G:\DaNiRulz\Learning\Coderhouse\Backend\desafios\FinalConFront\backend\node_modules\mongoose\lib\types\ArraySubdocument.js:36:15)
      at new EmbeddedDocument (G:\DaNiRulz\Learning\Coderhouse\Backend\desafios\FinalConFront\backend\node_modules\mongoose\lib\schema\documentarray.js:134:17)
      at DocumentArrayPath.cast (G:\DaNiRulz\Learning\Coderhouse\Backend\desafios\FinalConFront\backend\node_modules\mongoose\lib\schema\documentarray.js:507:22)
      at SchemaType.applySetters (G:\DaNiRulz\Learning\Coderhouse\Backend\desafios\FinalConFront\backend\node_modules\mongoose\lib\schematype.js:1201:12) {
    stringValue: '"NaN"',
    messageFormat: undefined,
    kind: 'Number',
    value: NaN,
    path: 'quantity',
    reason: AssertionError [ERR_ASSERTION]: The expression evaluated to a falsy value:
    
      assert.ok(!isNaN(val))
    
        at castNumber (G:\DaNiRulz\Learning\Coderhouse\Backend\desafios\FinalConFront\backend\node_modules\mongoose\lib\cast\number.js:27:10)
        at SchemaNumber.cast (G:\DaNiRulz\Learning\Coderhouse\Backend\desafios\FinalConFront\backend\node_modules\mongoose\lib\schema\number.js:376:12)
        at SchemaType.applySetters (G:\DaNiRulz\Learning\Coderhouse\Backend\desafios\FinalConFront\backend\node_modules\mongoose\lib\schematype.js:1201:12)
        at EmbeddedDocument.$set (G:\DaNiRulz\Learning\Coderhouse\Backend\desafios\FinalConFront\backend\node_modules\mongoose\lib\document.js:1367:22)
        at EmbeddedDocument.$set (G:\DaNiRulz\Learning\Coderhouse\Backend\desafios\FinalConFront\backend\node_modules\mongoose\lib\document.js:1092:16)
        at EmbeddedDocument.Document (G:\DaNiRulz\Learning\Coderhouse\Backend\desafios\FinalConFront\backend\node_modules\mongoose\lib\document.js:166:12)
        at EmbeddedDocument.Subdocument (G:\DaNiRulz\Learning\Coderhouse\Backend\desafios\FinalConFront\backend\node_modules\mongoose\lib\types\subdocument.js:31:12)
        at EmbeddedDocument.ArraySubdocument [as constructor] (G:\DaNiRulz\Learning\Coderhouse\Backend\desafios\FinalConFront\backend\node_modules\mongoose\lib\types\ArraySubdocument.js:36:15)
        at new EmbeddedDocument (G:\DaNiRulz\Learning\Coderhouse\Backend\desafios\FinalConFront\backend\node_modules\mongoose\lib\schema\documentarray.js:134:17)
        at DocumentArrayPath.cast (G:\DaNiRulz\Learning\Coderhouse\Backend\desafios\FinalConFront\backend\node_modules\mongoose\lib\schema\documentarray.js:507:22) {
      generatedMessage: true,
      code: 'ERR_ASSERTION',
      actual: false,
      expected: true,
      operator: '=='
    },
    valueType: 'number'
  },
  valueType: 'Object'
}
[2022-11-15T19:29:37.568] [ERROR] all - MongooseError: document must have an _id before saving
    at G:\DaNiRulz\Learning\Coderhouse\Backend\desafios\FinalConFront\backend\node_modules\mongoose\lib\model.js:297:18
    at process.processTicksAndRejections (node:internal/process/task_queues:77:11)
[2022-11-15T19:39:50.683] [ERROR] all - TypeError: Cannot read properties of null (reading 'length')
    at OrdersDTO.getOrders (G:\DaNiRulz\Learning\Coderhouse\Backend\desafios\FinalConFront\backend\src\model\DTO\ordersDTO.js:14:36)
    at process.processTicksAndRejections (node:internal/process/task_queues:95:5)
    at async getOrders (G:\DaNiRulz\Learning\Coderhouse\Backend\desafios\FinalConFront\backend\src\controllers\orders_controller\orders_controller.js:13:34)
[2022-11-22T19:28:06.885] [ERROR] all - TypeError: Cannot read properties of undefined (reading 'filename')
    at saveProduct (G:\DaNiRulz\Learning\Coderhouse\Backend\desafios\FinalConFront\backend\src\controllers\products_controller\products_controller.js:35:78)
    at Layer.handle [as handle_request] (G:\DaNiRulz\Learning\Coderhouse\Backend\desafios\FinalConFront\backend\node_modules\express\lib\router\layer.js:95:5)
    at next (G:\DaNiRulz\Learning\Coderhouse\Backend\desafios\FinalConFront\backend\node_modules\express\lib\router\route.js:144:13)
    at done (G:\DaNiRulz\Learning\Coderhouse\Backend\desafios\FinalConFront\backend\node_modules\multer\lib\make-middleware.js:45:7)
    at indicateDone (G:\DaNiRulz\Learning\Coderhouse\Backend\desafios\FinalConFront\backend\node_modules\multer\lib\make-middleware.js:49:68)
    at Multipart.<anonymous> (G:\DaNiRulz\Learning\Coderhouse\Backend\desafios\FinalConFront\backend\node_modules\multer\lib\make-middleware.js:166:7)
    at Multipart.emit (node:events:513:28)
    at emitCloseNT (node:internal/streams/destroy:132:10)
    at process.processTicksAndRejections (node:internal/process/task_queues:81:21)
[2022-11-22T19:29:52.481] [ERROR] all - CastError: Cast to ObjectId failed for value "undefined" (type string) at path "user" for model "Order"
    at model.Query.exec (G:\DaNiRulz\Learning\Coderhouse\Backend\desafios\FinalConFront\backend\node_modules\mongoose\lib\query.js:4884:21)
    at Query.then (G:\DaNiRulz\Learning\Coderhouse\Backend\desafios\FinalConFront\backend\node_modules\mongoose\lib\query.js:4983:15)
    at process.processTicksAndRejections (node:internal/process/task_queues:95:5) {
  messageFormat: undefined,
  stringValue: '"undefined"',
  kind: 'ObjectId',
  value: 'undefined',
  path: 'user',
  reason: BSONTypeError: Argument passed in must be a string of 12 bytes or a string of 24 hex characters or an integer
      at new BSONTypeError (G:\DaNiRulz\Learning\Coderhouse\Backend\desafios\FinalConFront\backend\node_modules\bson\lib\error.js:41:28)
      at new ObjectId (G:\DaNiRulz\Learning\Coderhouse\Backend\desafios\FinalConFront\backend\node_modules\bson\lib\objectid.js:67:23)
      at castObjectId (G:\DaNiRulz\Learning\Coderhouse\Backend\desafios\FinalConFront\backend\node_modules\mongoose\lib\cast\objectid.js:25:12)
      at ObjectId.cast (G:\DaNiRulz\Learning\Coderhouse\Backend\desafios\FinalConFront\backend\node_modules\mongoose\lib\schema\objectid.js:246:12)
      at SchemaType.applySetters (G:\DaNiRulz\Learning\Coderhouse\Backend\desafios\FinalConFront\backend\node_modules\mongoose\lib\schematype.js:1201:12)
      at SchemaType._castForQuery (G:\DaNiRulz\Learning\Coderhouse\Backend\desafios\FinalConFront\backend\node_modules\mongoose\lib\schematype.js:1648:15)
      at SchemaType.castForQuery (G:\DaNiRulz\Learning\Coderhouse\Backend\desafios\FinalConFront\backend\node_modules\mongoose\lib\schematype.js:1636:15)
      at SchemaType.castForQueryWrapper (G:\DaNiRulz\Learning\Coderhouse\Backend\desafios\FinalConFront\backend\node_modules\mongoose\lib\schematype.js:1612:20)
      at cast (G:\DaNiRulz\Learning\Coderhouse\Backend\desafios\FinalConFront\backend\node_modules\mongoose\lib\cast.js:347:32)
      at Query.cast (G:\DaNiRulz\Learning\Coderhouse\Backend\desafios\FinalConFront\backend\node_modules\mongoose\lib\query.js:5312:12),
  valueType: 'string'
}
