[2022-11-13T18:15:03.610] [INFO] infoLog - Server http on 8080...
[2022-11-13T18:15:45.683] [INFO] infoLog - Server http on 8080...
[2022-11-13T18:17:26.708] [INFO] infoLog - Server http on 8080...
[2022-11-13T18:17:53.535] [INFO] infoLog - Server http on 8080...
[2022-11-13T18:18:33.552] [INFO] infoLog - Server http on 8080...
[2022-11-13T18:19:11.470] [INFO] infoLog - Server http on 8080...
[2022-11-13T18:19:22.059] [INFO] infoLog - Server http on 8080...
[2022-11-13T18:19:30.965] [INFO] infoLog - Server http on 8080...
[2022-11-13T18:19:36.899] [INFO] infoLog - Server http on 8080...
[2022-11-13T18:20:25.613] [INFO] infoLog - Server http on 8080...
[2022-11-13T18:21:57.399] [INFO] infoLog - Server http on 8080...
[2022-11-13T18:21:58.866] [INFO] infoLog - MongoDB connected
[2022-11-13T18:22:41.032] [INFO] infoLog - Server http on 8080...
[2022-11-13T18:22:41.876] [INFO] infoLog - MongoDB connected
[2022-11-13T18:22:58.665] [INFO] infoLog - Server http on 8080...
[2022-11-13T18:23:00.118] [INFO] infoLog - MongoDB connected
[2022-11-13T18:23:10.067] [INFO] infoLog - Server http on 8080...
[2022-11-13T18:23:17.742] [INFO] infoLog - Server http on 8080...
[2022-11-13T18:23:19.272] [INFO] infoLog - MongoDB connected
[2022-11-13T18:25:16.792] [INFO] infoLog - Server http on 8080...
[2022-11-13T18:25:19.059] [INFO] infoLog - MongoDB connected
[2022-11-13T18:25:29.811] [INFO] infoLog - Server http on 8080...
[2022-11-13T18:25:30.869] [INFO] infoLog - MongoDB connected
[2022-11-13T18:26:18.945] [INFO] infoLog - Server http on 8080...
[2022-11-13T18:26:20.213] [INFO] infoLog - MongoDB connected
[2022-11-13T18:26:51.085] [INFO] infoLog - Server http on 8080...
[2022-11-13T18:26:51.999] [INFO] infoLog - MongoDB connected
[2022-11-13T18:27:36.462] [INFO] infoLog - Server http on 8080...
[2022-11-13T18:27:37.924] [INFO] infoLog - MongoDB connected
[2022-11-13T18:33:36.758] [INFO] infoLog - Server http on 8080...
[2022-11-13T18:33:39.289] [INFO] infoLog - MongoDB connected
[2022-11-13T18:34:02.220] [INFO] infoLog - Server http on 8080...
[2022-11-13T18:34:03.175] [INFO] infoLog - MongoDB connected
[2022-11-13T18:34:30.049] [INFO] infoLog - Server http on 8080...
[2022-11-13T18:34:30.708] [INFO] infoLog - MongoDB connected
[2022-11-13T18:39:12.456] [INFO] infoLog - Server http on 8080...
[2022-11-13T18:39:15.084] [INFO] infoLog - MongoDB connected
[2022-11-13T18:39:28.878] [INFO] infoLog - Server http on 8080...
[2022-11-13T18:39:29.771] [INFO] infoLog - MongoDB connected
[2022-11-13T18:40:06.902] [INFO] infoLog - Server http on 8080...
[2022-11-13T18:40:07.803] [INFO] infoLog - MongoDB connected
[2022-11-13T18:40:48.988] [INFO] infoLog - Server http on 8080...
[2022-11-13T18:40:49.978] [INFO] infoLog - MongoDB connected
[2022-11-13T18:41:42.411] [INFO] infoLog - Server http on 8080...
[2022-11-13T18:41:43.813] [INFO] infoLog - MongoDB connected
[2022-11-13T18:41:54.516] [INFO] infoLog - Server http on 8080...
[2022-11-13T18:41:56.165] [INFO] infoLog - MongoDB connected
[2022-11-13T18:45:11.439] [INFO] infoLog - Server http on 8080...
[2022-11-13T18:45:14.214] [INFO] infoLog - MongoDB connected
[2022-11-13T18:45:53.040] [INFO] infoLog - Server http on 8080...
[2022-11-13T18:45:54.008] [INFO] infoLog - MongoDB connected
[2022-11-13T18:47:00.919] [INFO] infoLog - Server http on 8080...
[2022-11-13T18:47:05.725] [INFO] infoLog - MongoDB connected
[2022-11-13T18:48:33.746] [INFO] infoLog - Server http on 8080...
[2022-11-13T18:48:37.310] [INFO] infoLog - MongoDB connected
[2022-11-13T18:49:08.140] [INFO] infoLog - Server http on 8080...
[2022-11-13T18:49:08.796] [INFO] infoLog - MongoDB connected
[2022-11-13T18:49:29.776] [INFO] infoLog - Server http on 8080...
[2022-11-13T18:49:31.013] [INFO] infoLog - MongoDB connected
[2022-11-13T18:50:29.850] [INFO] infoLog - Server http on 8080...
[2022-11-13T18:50:30.661] [INFO] infoLog - MongoDB connected
[2022-11-13T18:51:49.124] [INFO] infoLog - Server http on 8080...
[2022-11-13T18:51:51.596] [INFO] infoLog - MongoDB connected
[2022-11-13T18:52:43.614] [INFO] infoLog - Server http on 8080...
[2022-11-13T18:52:44.200] [INFO] infoLog - MongoDB connected
[2022-11-13T18:53:10.805] [INFO] infoLog - Server http on 8080...
[2022-11-13T18:53:13.286] [INFO] infoLog - MongoDB connected
[2022-11-13T18:53:56.288] [INFO] infoLog - Server http on 8080...
[2022-11-13T18:53:57.223] [INFO] infoLog - MongoDB connected
[2022-11-13T18:54:33.268] [INFO] infoLog - Server http on 8080...
[2022-11-13T18:54:34.425] [INFO] infoLog - MongoDB connected
[2022-11-13T18:55:11.999] [INFO] infoLog - Server http on 8080...
[2022-11-13T18:55:14.223] [INFO] infoLog - MongoDB connected
[2022-11-13T18:55:34.370] [INFO] infoLog - Server http on 8080...
[2022-11-13T18:55:35.971] [INFO] infoLog - MongoDB connected
[2022-11-13T18:55:56.575] [INFO] infoLog - Server http on 8080...
[2022-11-13T18:55:57.463] [INFO] infoLog - MongoDB connected
[2022-11-13T18:57:36.854] [INFO] infoLog - Server http on 8080...
[2022-11-13T18:57:38.256] [INFO] infoLog - MongoDB connected
[2022-11-13T18:57:52.701] [INFO] infoLog - Server http on 8080...
[2022-11-13T18:57:53.337] [INFO] infoLog - MongoDB connected
[2022-11-13T18:59:14.399] [INFO] infoLog - Server http on 8080...
[2022-11-13T18:59:16.631] [INFO] infoLog - MongoDB connected
[2022-11-13T18:59:25.395] [INFO] infoLog - Server http on 8080...
[2022-11-13T18:59:26.500] [INFO] infoLog - MongoDB connected
[2022-11-13T19:00:11.950] [INFO] infoLog - Server http on 8080...
[2022-11-13T19:00:13.186] [INFO] infoLog - MongoDB connected
[2022-11-13T19:00:42.855] [INFO] infoLog - Server http on 8080...
[2022-11-13T19:00:43.610] [INFO] infoLog - MongoDB connected
[2022-11-13T19:01:06.751] [INFO] infoLog - Server http on 8080...
[2022-11-13T19:01:07.917] [INFO] infoLog - MongoDB connected
[2022-11-13T19:01:22.327] [INFO] infoLog - Server http on 8080...
[2022-11-13T19:01:22.920] [INFO] infoLog - MongoDB connected
[2022-11-13T19:01:43.924] [INFO] infoLog - Server http on 8080...
[2022-11-13T19:01:45.846] [INFO] infoLog - MongoDB connected
[2022-11-13T19:02:04.126] [INFO] infoLog - Server http on 8080...
[2022-11-13T19:02:04.704] [INFO] infoLog - MongoDB connected
[2022-11-13T19:02:16.152] [INFO] infoLog - Server http on 8080...
[2022-11-13T19:02:17.095] [INFO] infoLog - MongoDB connected
[2022-11-13T19:03:05.925] [INFO] infoLog - Server http on 8080...
[2022-11-13T19:03:08.090] [INFO] infoLog - MongoDB connected
[2022-11-13T19:03:27.166] [INFO] infoLog - Server http on 8080...
[2022-11-13T19:03:28.111] [INFO] infoLog - MongoDB connected
[2022-11-13T19:04:35.255] [INFO] infoLog - Server http on 8080...
[2022-11-13T19:04:37.296] [INFO] infoLog - Server http on 8080...
[2022-11-13T19:04:38.392] [INFO] infoLog - MongoDB connected
[2022-11-13T19:05:33.337] [INFO] infoLog - Server http on 8080...
[2022-11-13T19:05:34.002] [INFO] infoLog - MongoDB connected
[2022-11-13T19:05:55.695] [INFO] infoLog - Server http on 8080...
[2022-11-13T19:05:56.688] [INFO] infoLog - MongoDB connected
[2022-11-13T19:07:53.037] [INFO] infoLog - Server http on 8080...
[2022-11-13T19:07:57.420] [INFO] infoLog - MongoDB connected
[2022-11-13T19:28:06.103] [INFO] infoLog - Server http on 8080...
[2022-11-13T19:28:08.881] [INFO] infoLog - MongoDB connected
[2022-11-13T19:32:27.217] [INFO] infoLog - Server http on 8080...
[2022-11-13T19:32:29.533] [INFO] infoLog - MongoDB connected
[2022-11-13T20:06:12.761] [INFO] infoLog - Server http on 8080...
[2022-11-13T20:06:13.939] [INFO] infoLog - MongoDB connected
[2022-11-13T20:09:20.222] [INFO] infoLog - Server http on 8080...
[2022-11-13T20:09:22.681] [INFO] infoLog - MongoDB connected
[2022-11-13T20:10:02.837] [INFO] infoLog - Server http on 8080...
[2022-11-13T20:10:03.471] [INFO] infoLog - MongoDB connected
[2022-11-13T20:11:27.946] [INFO] infoLog - Server http on 8080...
[2022-11-13T20:11:28.982] [INFO] infoLog - MongoDB connected
[2022-11-13T20:11:51.984] [INFO] infoLog - Server http on 8080...
[2022-11-13T20:11:52.556] [INFO] infoLog - MongoDB connected
[2022-11-13T20:13:27.879] [INFO] infoLog - Server http on 8080...
[2022-11-13T20:13:30.804] [INFO] infoLog - MongoDB connected
[2022-11-13T20:16:16.349] [INFO] infoLog - Server http on 8080...
[2022-11-13T20:16:17.486] [INFO] infoLog - MongoDB connected
[2022-11-13T20:51:00.770] [INFO] infoLog - Server http on 8080...
[2022-11-13T20:51:03.456] [INFO] infoLog - MongoDB connected
[2022-11-13T20:52:22.389] [INFO] infoLog - Server http on 8080...
[2022-11-13T20:52:25.613] [INFO] infoLog - MongoDB connected
[2022-11-13T20:52:50.633] [INFO] infoLog - Server http on 8080...
[2022-11-13T20:52:51.253] [INFO] infoLog - MongoDB connected
[2022-11-13T20:55:10.237] [INFO] infoLog - Server http on 8080...
[2022-11-13T20:55:13.292] [INFO] infoLog - MongoDB connected
[2022-11-13T20:55:39.963] [INFO] infoLog - Server http on 8080...
[2022-11-13T20:55:40.522] [INFO] infoLog - MongoDB connected
[2022-11-13T20:59:50.472] [INFO] infoLog - Server http on 8080...
[2022-11-13T20:59:51.486] [INFO] infoLog - MongoDB connected
[2022-11-13T21:07:20.492] [INFO] infoLog - Server http on 8080...
[2022-11-13T21:07:27.474] [INFO] infoLog - MongoDB connected
[2022-11-13T21:12:13.119] [INFO] infoLog - Server http on 8080...
[2022-11-13T21:12:14.179] [INFO] infoLog - MongoDB connected
[2022-11-13T21:13:51.211] [INFO] infoLog - Server http on 8080...
[2022-11-13T21:13:53.275] [INFO] infoLog - MongoDB connected
[2022-11-14T20:32:52.063] [INFO] infoLog - Server http on 8080...
[2022-11-14T20:32:53.463] [INFO] infoLog - MongoDB connected
[2022-11-14T22:00:57.808] [INFO] infoLog - Server http on 8080...
[2022-11-14T22:00:59.205] [INFO] infoLog - MongoDB connected
[2022-11-14T22:03:41.305] [INFO] infoLog - Server http on 8080...
[2022-11-14T22:03:42.726] [INFO] infoLog - MongoDB connected
[2022-11-14T22:04:30.271] [INFO] infoLog - Server http on 8080...
[2022-11-14T22:04:31.859] [INFO] infoLog - MongoDB connected
[2022-11-14T22:04:53.531] [INFO] infoLog - Server http on 8080...
[2022-11-14T22:04:54.411] [INFO] infoLog - MongoDB connected
[2022-11-14T22:05:30.528] [INFO] infoLog - Server http on 8080...
[2022-11-14T22:05:31.368] [INFO] infoLog - MongoDB connected
[2022-11-14T22:06:06.701] [INFO] infoLog - Server http on 8080...
[2022-11-14T22:06:07.996] [INFO] infoLog - MongoDB connected
[2022-11-14T22:06:27.246] [INFO] infoLog - Server http on 8080...
[2022-11-14T22:06:27.844] [INFO] infoLog - MongoDB connected
[2022-11-14T22:06:35.712] [INFO] infoLog - Server http on 8080...
[2022-11-14T22:06:36.668] [INFO] infoLog - MongoDB connected
[2022-11-14T22:06:48.049] [INFO] infoLog - Server http on 8080...
[2022-11-14T22:06:48.766] [INFO] infoLog - MongoDB connected
[2022-11-14T22:11:22.207] [INFO] infoLog - Server http on 8080...
[2022-11-14T22:11:23.374] [INFO] infoLog - MongoDB connected
[2022-11-14T22:24:51.829] [INFO] infoLog - Server http on 8080...
[2022-11-14T22:24:56.041] [INFO] infoLog - MongoDB connected
[2022-11-14T22:25:19.391] [INFO] infoLog - Server http on 8080...
[2022-11-14T22:25:20.980] [INFO] infoLog - MongoDB connected
[2022-11-14T22:25:52.406] [INFO] infoLog - Server http on 8080...
[2022-11-14T22:25:53.005] [INFO] infoLog - MongoDB connected
[2022-11-14T22:25:55.610] [INFO] infoLog - Server http on 8080...
[2022-11-14T22:25:57.517] [INFO] infoLog - MongoDB connected
[2022-11-15T19:08:42.167] [INFO] infoLog - Server http on 8080...
[2022-11-15T19:08:43.281] [INFO] infoLog - MongoDB connected
[2022-11-15T19:14:15.337] [INFO] infoLog - Server http on 8080...
[2022-11-15T19:14:16.495] [INFO] infoLog - MongoDB connected
[2022-11-15T19:14:40.455] [INFO] infoLog - Server http on 8080...
[2022-11-15T19:14:41.377] [INFO] infoLog - MongoDB connected
[2022-11-15T19:15:02.407] [INFO] infoLog - Server http on 8080...
[2022-11-15T19:15:03.073] [INFO] infoLog - MongoDB connected
[2022-11-15T19:16:21.149] [INFO] infoLog - Server http on 8080...
[2022-11-15T19:16:22.299] [INFO] infoLog - MongoDB connected
[2022-11-15T19:17:46.473] [INFO] infoLog - Server http on 8080...
[2022-11-15T19:17:47.548] [INFO] infoLog - MongoDB connected
[2022-11-15T19:18:54.775] [INFO] infoLog - Server http on 8080...
[2022-11-15T19:18:55.740] [INFO] infoLog - MongoDB connected
[2022-11-15T19:19:09.803] [INFO] infoLog - Server http on 8080...
[2022-11-15T19:19:10.385] [INFO] infoLog - MongoDB connected
[2022-11-15T19:21:12.831] [INFO] infoLog - Server http on 8080...
[2022-11-15T19:21:14.008] [INFO] infoLog - MongoDB connected
[2022-11-15T19:25:02.852] [INFO] infoLog - Server http on 8080...
[2022-11-15T19:25:03.869] [INFO] infoLog - MongoDB connected
[2022-11-15T19:25:22.434] [INFO] infoLog - Server http on 8080...
[2022-11-15T19:25:23.041] [INFO] infoLog - MongoDB connected
[2022-11-15T19:26:27.881] [INFO] infoLog - Server http on 8080...
[2022-11-15T19:26:29.237] [INFO] infoLog - MongoDB connected
[2022-11-15T19:26:55.007] [INFO] infoLog - Server http on 8080...
[2022-11-15T19:26:55.619] [INFO] infoLog - MongoDB connected
[2022-11-15T19:27:00.544] [INFO] infoLog - Server http on 8080...
[2022-11-15T19:27:01.124] [INFO] infoLog - MongoDB connected
[2022-11-15T19:27:15.312] [INFO] infoLog - Server http on 8080...
[2022-11-15T19:27:15.958] [INFO] infoLog - MongoDB connected
[2022-11-15T19:27:39.575] [INFO] infoLog - Server http on 8080...
[2022-11-15T19:27:40.858] [INFO] infoLog - MongoDB connected
[2022-11-15T19:27:53.726] [INFO] infoLog - Server http on 8080...
[2022-11-15T19:27:54.316] [INFO] infoLog - MongoDB connected
[2022-11-15T19:28:38.996] [INFO] infoLog - Server http on 8080...
[2022-11-15T19:28:39.937] [INFO] infoLog - MongoDB connected
[2022-11-15T19:28:46.826] [INFO] infoLog - Server http on 8080...
[2022-11-15T19:28:47.733] [INFO] infoLog - MongoDB connected
[2022-11-15T19:29:36.558] [INFO] infoLog - Server http on 8080...
[2022-11-15T19:29:37.192] [INFO] infoLog - MongoDB connected
[2022-11-15T19:30:07.143] [INFO] infoLog - Server http on 8080...
[2022-11-15T19:30:07.738] [INFO] infoLog - MongoDB connected
[2022-11-15T19:30:58.599] [INFO] infoLog - Server http on 8080...
[2022-11-15T19:30:59.613] [INFO] infoLog - MongoDB connected
[2022-11-15T19:32:41.666] [INFO] infoLog - Server http on 8080...
[2022-11-15T19:32:42.816] [INFO] infoLog - MongoDB connected
[2022-11-15T19:32:44.948] [INFO] infoLog - Server http on 8080...
[2022-11-15T19:32:45.530] [INFO] infoLog - MongoDB connected
[2022-11-15T19:34:57.885] [INFO] infoLog - Server http on 8080...
[2022-11-15T19:34:59.132] [INFO] infoLog - MongoDB connected
[2022-11-15T19:38:16.626] [INFO] infoLog - Server http on 8080...
[2022-11-15T19:38:17.592] [INFO] infoLog - MongoDB connected
[2022-11-15T19:38:53.741] [INFO] infoLog - Server http on 8080...
[2022-11-15T19:38:54.324] [INFO] infoLog - MongoDB connected
[2022-11-15T19:39:07.502] [INFO] infoLog - Server http on 8080...
[2022-11-15T19:39:08.119] [INFO] infoLog - MongoDB connected
[2022-11-15T19:41:31.785] [INFO] infoLog - Server http on 8080...
[2022-11-15T19:41:33.066] [INFO] infoLog - MongoDB connected
[2022-11-15T19:42:23.745] [INFO] infoLog - Server http on 8080...
[2022-11-15T19:42:24.327] [INFO] infoLog - MongoDB connected
[2022-11-15T19:42:52.354] [INFO] infoLog - Server http on 8080...
[2022-11-15T19:42:53.162] [INFO] infoLog - MongoDB connected
[2022-11-15T19:43:02.638] [INFO] infoLog - Server http on 8080...
[2022-11-15T19:43:03.256] [INFO] infoLog - MongoDB connected
[2022-11-15T19:43:11.808] [INFO] infoLog - Server http on 8080...
[2022-11-15T19:43:12.384] [INFO] infoLog - MongoDB connected
[2022-11-15T19:43:26.579] [INFO] infoLog - Server http on 8080...
[2022-11-15T19:43:27.153] [INFO] infoLog - MongoDB connected
[2022-11-15T19:46:10.827] [INFO] infoLog - Server http on 8080...
[2022-11-15T19:46:11.798] [INFO] infoLog - MongoDB connected
[2022-11-15T19:46:33.848] [INFO] infoLog - Server http on 8080...
[2022-11-15T19:46:34.432] [INFO] infoLog - MongoDB connected
[2022-11-15T19:47:43.565] [INFO] infoLog - Server http on 8080...
[2022-11-15T19:47:44.911] [INFO] infoLog - MongoDB connected
[2022-11-15T20:03:06.515] [INFO] infoLog - Server http on 8080...
[2022-11-15T20:03:07.753] [INFO] infoLog - MongoDB connected
[2022-11-16T19:16:21.810] [INFO] infoLog - Server http on 8080...
[2022-11-16T19:16:22.871] [INFO] infoLog - MongoDB connected
[2022-11-16T19:48:35.820] [INFO] infoLog - Server http on 8080...
[2022-11-16T19:48:37.014] [INFO] infoLog - MongoDB connected
[2022-11-16T19:50:28.201] [INFO] infoLog - Server http on 8080...
[2022-11-16T19:50:29.295] [INFO] infoLog - MongoDB connected
[2022-11-16T20:10:00.995] [INFO] infoLog - Server http on 8080...
[2022-11-16T20:10:02.133] [INFO] infoLog - MongoDB connected
[2022-11-16T20:10:33.400] [INFO] infoLog - Server http on 8080...
[2022-11-16T20:10:33.968] [INFO] infoLog - MongoDB connected
[2022-11-16T20:10:52.883] [INFO] infoLog - Server http on 8080...
[2022-11-16T20:10:53.447] [INFO] infoLog - MongoDB connected
[2022-11-16T20:11:19.973] [INFO] infoLog - Server http on 8080...
[2022-11-16T20:11:20.714] [INFO] infoLog - MongoDB connected
[2022-11-16T20:11:36.290] [INFO] infoLog - Server http on 8080...
[2022-11-16T20:11:36.867] [INFO] infoLog - MongoDB connected
[2022-11-16T20:11:56.941] [INFO] infoLog - Server http on 8080...
[2022-11-16T20:11:57.505] [INFO] infoLog - MongoDB connected
[2022-11-16T20:12:36.146] [INFO] infoLog - Server http on 8080...
[2022-11-16T20:12:36.950] [INFO] infoLog - MongoDB connected
[2022-11-16T20:12:49.867] [INFO] infoLog - Server http on 8080...
[2022-11-16T20:12:50.433] [INFO] infoLog - MongoDB connected
[2022-11-16T20:13:01.984] [INFO] infoLog - Server http on 8080...
[2022-11-16T20:13:02.566] [INFO] infoLog - MongoDB connected
[2022-11-16T20:14:20.901] [INFO] infoLog - Server http on 8080...
[2022-11-16T20:14:21.875] [INFO] infoLog - MongoDB connected
[2022-11-16T20:14:32.323] [INFO] infoLog - Server http on 8080...
[2022-11-16T20:14:32.918] [INFO] infoLog - MongoDB connected
[2022-11-16T20:14:43.793] [INFO] infoLog - Server http on 8080...
[2022-11-16T20:14:44.356] [INFO] infoLog - MongoDB connected
[2022-11-16T20:14:47.851] [INFO] infoLog - Server http on 8080...
[2022-11-16T20:14:48.418] [INFO] infoLog - MongoDB connected
[2022-11-16T20:15:25.995] [INFO] infoLog - Server http on 8080...
[2022-11-16T20:15:27.332] [INFO] infoLog - MongoDB connected
[2022-11-16T20:16:08.325] [INFO] infoLog - Server http on 8080...
[2022-11-16T20:16:08.906] [INFO] infoLog - MongoDB connected
[2022-11-16T20:16:38.763] [INFO] infoLog - Server http on 8080...
[2022-11-16T20:16:39.743] [INFO] infoLog - MongoDB connected
[2022-11-16T20:16:49.944] [INFO] infoLog - Server http on 8080...
[2022-11-16T20:16:50.504] [INFO] infoLog - MongoDB connected
[2022-11-16T20:17:15.279] [INFO] infoLog - Server http on 8080...
[2022-11-16T20:17:15.865] [INFO] infoLog - MongoDB connected
[2022-11-16T20:18:02.809] [INFO] infoLog - Server http on 8080...
[2022-11-16T20:18:03.815] [INFO] infoLog - MongoDB connected
[2022-11-16T20:18:16.910] [INFO] infoLog - Server http on 8080...
[2022-11-16T20:18:17.482] [INFO] infoLog - MongoDB connected
[2022-11-16T20:19:10.885] [INFO] infoLog - Server http on 8080...
[2022-11-16T20:19:11.844] [INFO] infoLog - MongoDB connected
[2022-11-16T20:19:24.867] [INFO] infoLog - Server http on 8080...
[2022-11-16T20:19:25.461] [INFO] infoLog - MongoDB connected
[2022-11-16T20:19:53.441] [INFO] infoLog - Server http on 8080...
[2022-11-16T20:19:54.037] [INFO] infoLog - MongoDB connected
[2022-11-16T20:20:22.830] [INFO] infoLog - Server http on 8080...
[2022-11-16T20:20:23.968] [INFO] infoLog - MongoDB connected
[2022-11-16T20:20:58.708] [INFO] infoLog - Server http on 8080...
[2022-11-16T20:20:59.318] [INFO] infoLog - MongoDB connected
[2022-11-16T20:21:49.567] [INFO] infoLog - Server http on 8080...
[2022-11-16T20:21:50.576] [INFO] infoLog - MongoDB connected
[2022-11-16T20:22:08.538] [INFO] infoLog - Server http on 8080...
[2022-11-16T20:22:09.128] [INFO] infoLog - MongoDB connected
[2022-11-18T18:27:14.628] [INFO] infoLog - Server http on 8080...
[2022-11-18T18:27:15.809] [INFO] infoLog - MongoDB connected
[2022-11-18T18:43:49.867] [INFO] infoLog - Server http on 8080...
[2022-11-18T18:43:51.056] [INFO] infoLog - MongoDB connected
[2022-11-18T18:46:10.514] [INFO] infoLog - Server http on 8080...
[2022-11-18T18:46:11.486] [INFO] infoLog - MongoDB connected
[2022-11-18T18:46:33.620] [INFO] infoLog - Server http on 8080...
[2022-11-18T18:46:34.171] [INFO] infoLog - MongoDB connected
[2022-11-18T18:48:43.261] [INFO] infoLog - Server http on 8080...
[2022-11-18T18:48:44.276] [INFO] infoLog - MongoDB connected
[2022-11-18T18:48:44.665] [INFO] infoLog - DwQl4xo46rLQTXmVAAAB User connected
[2022-11-18T18:50:47.021] [INFO] infoLog - Server http on 8080...
[2022-11-18T18:50:47.274] [INFO] infoLog - vDCan_9WWbb3kgpbAAAB User connected
[2022-11-18T18:50:48.213] [INFO] infoLog - MongoDB connected
[2022-11-18T18:52:41.303] [INFO] infoLog - Server http on 8080...
[2022-11-18T18:52:41.547] [INFO] infoLog - 1WOYIb6yBTRp-m11AAAB User connected
[2022-11-18T18:52:42.235] [INFO] infoLog - MongoDB connected
[2022-11-18T18:55:03.115] [INFO] infoLog - Server http on 8080...
[2022-11-18T18:55:03.245] [INFO] infoLog - tlr3C4kRa73PfCohAAAB User connected
[2022-11-18T18:55:04.108] [INFO] infoLog - MongoDB connected
[2022-11-18T18:55:44.146] [INFO] infoLog - Server http on 8080...
[2022-11-18T18:55:44.249] [INFO] infoLog - Ew5l5Bwk3yJ50yV0AAAB User connected
[2022-11-18T18:55:44.742] [INFO] infoLog - MongoDB connected
[2022-11-18T18:57:29.952] [INFO] infoLog - Server http on 8080...
[2022-11-18T18:57:29.995] [INFO] infoLog - bzj4Mqpxs6p7bAUSAAAB User connected
[2022-11-18T18:57:31.394] [INFO] infoLog - MongoDB connected
[2022-11-18T18:59:04.447] [INFO] infoLog - Server http on 8080...
[2022-11-18T18:59:05.238] [INFO] infoLog - UxBlvWw3CoSB-uZAAAAB User connected
[2022-11-18T18:59:05.737] [INFO] infoLog - MongoDB connected
[2022-11-18T18:59:58.398] [INFO] infoLog - Server http on 8080...
[2022-11-18T18:59:58.497] [INFO] infoLog - lPaoGVY4KfcNwIdHAAAB User connected undefined
[2022-11-18T18:59:58.960] [INFO] infoLog - MongoDB connected
[2022-11-18T19:00:24.356] [INFO] infoLog - Server http on 8080...
[2022-11-18T19:00:24.500] [INFO] infoLog - 8Ng6btWxnb8KDKx6AAAB User connected
[2022-11-18T19:00:25.213] [INFO] infoLog - MongoDB connected
[2022-11-18T19:00:30.241] [INFO] infoLog - Server http on 8080...
[2022-11-18T19:00:30.494] [INFO] infoLog - xtaMTT14FEedRCO9AAAB User connected
[2022-11-18T19:00:30.807] [INFO] infoLog - MongoDB connected
[2022-11-18T19:00:36.714] [INFO] infoLog - Server http on 8080...
[2022-11-18T19:00:36.754] [INFO] infoLog - YvhSgsJtK0Ya-pxEAAAB User connected
[2022-11-18T19:00:37.290] [INFO] infoLog - MongoDB connected
[2022-11-18T19:01:43.167] [INFO] infoLog - Server http on 8080...
[2022-11-18T19:01:43.241] [INFO] infoLog - XLZcTVIFzOpCvTkAAAAB User connected
[2022-11-18T19:01:44.307] [INFO] infoLog - MongoDB connected
[2022-11-18T19:01:55.743] [INFO] infoLog - IGpSqDkGMmFiWhR3AAAD User connected
[2022-11-18T19:02:15.486] [INFO] infoLog - cZMhUYZcflaN4o3UAAAF User connected
[2022-11-18T19:03:20.793] [INFO] infoLog - Server http on 8080...
[2022-11-18T19:03:34.250] [INFO] infoLog - Server http on 8080...
[2022-11-18T19:03:34.508] [INFO] infoLog - RXQ5WLmQKioOE3-IAAAB User connected
[2022-11-18T19:03:34.990] [INFO] infoLog - MongoDB connected
[2022-11-18T19:04:10.672] [INFO] infoLog - Server http on 8080...
[2022-11-18T19:04:11.235] [INFO] infoLog - MongoDB connected
[2022-11-18T19:04:11.240] [INFO] infoLog - Hb8R37anYBysYgS_AAAB User connected
[2022-11-18T19:04:45.177] [INFO] infoLog - Server http on 8080...
[2022-11-18T19:04:45.244] [INFO] infoLog - zYAwlAw0vI7J_bmcAAAB User connected
[2022-11-18T19:04:46.119] [INFO] infoLog - MongoDB connected
[2022-11-18T19:04:52.023] [INFO] infoLog - Server http on 8080...
[2022-11-18T19:04:52.233] [INFO] infoLog - s2lQyU6NuqbNVN2dAAAB User connected
[2022-11-18T19:04:52.612] [INFO] infoLog - MongoDB connected
[2022-11-18T19:05:05.601] [INFO] infoLog - Server http on 8080...
[2022-11-18T19:05:06.153] [INFO] infoLog - MongoDB connected
[2022-11-18T19:05:06.231] [INFO] infoLog - 4iVnIPU2eXDxJfE0AAAB User connected
[2022-11-18T19:05:30.136] [INFO] infoLog - Server http on 8080...
[2022-11-18T19:05:30.230] [INFO] infoLog - -gFwK8TMa9U2LmV3AAAB User connected
[2022-11-18T19:05:30.709] [INFO] infoLog - MongoDB connected
[2022-11-18T19:05:39.650] [INFO] infoLog - Server http on 8080...
[2022-11-18T19:05:39.748] [INFO] infoLog - A8PUv9g8pvgJGanEAAAB User connected
[2022-11-18T19:05:40.547] [INFO] infoLog - MongoDB connected
[2022-11-18T19:06:51.400] [INFO] infoLog - Server http on 8080...
[2022-11-18T19:06:51.482] [INFO] infoLog - K4iA4AR3gPBIeh1MAAAB User connected
[2022-11-18T19:06:52.395] [INFO] infoLog - MongoDB connected
[2022-11-18T19:10:33.715] [INFO] infoLog - Server http on 8080...
[2022-11-18T19:10:33.766] [INFO] infoLog - M50mzo-jkIAktd2tAAAB User connected
[2022-11-18T19:10:34.680] [INFO] infoLog - MongoDB connected
[2022-11-18T19:12:59.051] [INFO] infoLog - Server http on 8080...
[2022-11-18T19:12:59.296] [INFO] infoLog - uTvA8FBNaqZgma6mAAAB User connected
[2022-11-18T19:12:59.997] [INFO] infoLog - MongoDB connected
[2022-11-18T19:13:13.881] [INFO] infoLog - Server http on 8080...
[2022-11-18T19:13:14.004] [INFO] infoLog - DtySU3VngX8bfbsrAAAB User connected
[2022-11-18T19:13:14.429] [INFO] infoLog - MongoDB connected
[2022-11-18T19:13:22.878] [INFO] infoLog - Server http on 8080...
[2022-11-18T19:13:23.006] [INFO] infoLog - 6OPLi3L6vNJdymj7AAAB User connected
[2022-11-18T19:13:23.451] [INFO] infoLog - MongoDB connected
[2022-11-18T19:14:13.216] [INFO] infoLog - Server http on 8080...
[2022-11-18T19:14:13.422] [INFO] infoLog - Lzy99-dZSeAUJIiaAAAB User connected
[2022-11-18T19:14:14.721] [INFO] infoLog - MongoDB connected
[2022-11-18T19:14:49.747] [INFO] infoLog - Server http on 8080...
[2022-11-18T19:14:49.957] [INFO] infoLog - cqaOL0K1aV-2sxwXAAAB User connected
[2022-11-18T19:14:50.321] [INFO] infoLog - MongoDB connected
[2022-11-18T19:14:54.995] [INFO] infoLog - Server http on 8080...
[2022-11-18T19:14:55.236] [INFO] infoLog - 7wm2zkYDgAuxNMa3AAAB User connected
[2022-11-18T19:14:55.627] [INFO] infoLog - MongoDB connected
[2022-11-18T19:15:22.586] [INFO] infoLog - Server http on 8080...
[2022-11-18T19:15:22.837] [INFO] infoLog - r9bPmoqqH29vL-lpAAAB User connected
[2022-11-18T19:15:23.709] [INFO] infoLog - MongoDB connected
[2022-11-21T15:45:55.459] [INFO] infoLog - Server http on 8080...
[2022-11-21T15:45:56.877] [INFO] infoLog - MongoDB connected
[2022-11-21T15:50:35.803] [INFO] infoLog - Server http on 8080...
[2022-11-21T15:50:36.791] [INFO] infoLog - MongoDB connected
[2022-11-21T15:54:19.023] [INFO] infoLog - jxAMmTgaTxdmth60AAAB User connected
[2022-11-21T15:57:21.691] [INFO] infoLog - Server http on 8080...
[2022-11-21T15:57:21.738] [INFO] infoLog - PLrtCw5MeQV5liGfAAAB User connected
[2022-11-21T15:57:22.712] [INFO] infoLog - MongoDB connected
[2022-11-21T15:57:37.723] [INFO] infoLog - Server http on 8080...
[2022-11-21T15:57:37.997] [INFO] infoLog - B7KI5oW7NrHa1y6ZAAAB User connected
[2022-11-21T15:57:38.283] [INFO] infoLog - MongoDB connected
[2022-11-21T15:58:23.342] [INFO] infoLog - Server http on 8080...
[2022-11-21T15:58:23.477] [INFO] infoLog - r2whNUFfzUlZXoA3AAAB User connected
[2022-11-21T15:58:24.337] [INFO] infoLog - MongoDB connected
[2022-11-21T16:03:47.965] [INFO] infoLog - 7jOhnpNtaOH8sIpEAAAD User connected
[2022-11-21T16:05:18.199] [INFO] infoLog - Server http on 8080...
[2022-11-21T16:05:18.239] [INFO] infoLog - Q9tELtScAgkOX5cmAAAC User connected
[2022-11-21T16:05:18.247] [INFO] infoLog - DuVmY_ZUT0mOy--sAAAD User connected
[2022-11-21T16:05:19.225] [INFO] infoLog - MongoDB connected
[2022-11-21T16:07:51.718] [INFO] infoLog - Server http on 8080...
[2022-11-21T16:07:51.980] [INFO] infoLog - Gd_UWzML2a1t1fdKAAAB User connected
[2022-11-21T16:07:51.989] [INFO] infoLog - qC_cLjEitZHR7oRtAAAD User connected
[2022-11-21T16:07:52.825] [INFO] infoLog - MongoDB connected
[2022-11-21T16:08:26.510] [INFO] infoLog - 5H_LrHiJkhgNgogVAAAF User connected
[2022-11-22T19:18:27.759] [INFO] infoLog - Server http on 8080...
[2022-11-22T19:18:29.002] [INFO] infoLog - MongoDB connected
